app/build/outputs/logs/manifest-merger-debug-report.txt
-- Merging decision tree log ---
manifest
ADDED from src/main/AndroidManifest.xml:2:1-35:12
	package
		ADDED from src/main/AndroidManifest.xml:4:7-39
		INJECTED from src/main/AndroidManifest.xml
		INJECTED from src/main/AndroidManifest.xml
	android:versionName
		ADDED from src/main/AndroidManifest.xml:5:7-34
		INJECTED from src/main/AndroidManifest.xml
		INJECTED from src/main/AndroidManifest.xml
	android:versionCode
		ADDED from src/main/AndroidManifest.xml:3:7-30
		INJECTED from src/main/AndroidManifest.xml
		INJECTED from src/main/AndroidManifest.xml
	xmlns:android
		ADDED from src/main/AndroidManifest.xml:2:11-69
application
ADDED from src/main/AndroidManifest.xml:7:5-24:19
	android:label
		ADDED from src/main/AndroidManifest.xml:9:6-38
	android:icon
		ADDED from src/main/AndroidManifest.xml:8:6-35
	android:name
		ADDED from src/main/AndroidManifest.xml:10:6-28
activity#com.niothiel.simplesms.ui.ConversationList
ADDED from src/main/AndroidManifest.xml:11:9-19:20
	android:label
		ADDED from src/main/AndroidManifest.xml:12:10-42
	android:name
		ADDED from src/main/AndroidManifest.xml:13:10-45
intent-filter#android.intent.action.MAIN+android.intent.category.DEFAULT+android.intent.category.LAUNCHER
ADDED from src/main/AndroidManifest.xml:14:13-18:29
action#android.intent.action.MAIN
ADDED from src/main/AndroidManifest.xml:15:17-69
	android:name
		ADDED from src/main/AndroidManifest.xml:15:25-66
category#android.intent.category.LAUNCHER
ADDED from src/main/AndroidManifest.xml:16:17-77
	android:name
		ADDED from src/main/AndroidManifest.xml:16:27-74
category#android.intent.category.DEFAULT
ADDED from src/main/AndroidManifest.xml:17:17-76
	android:name
		ADDED from src/main/AndroidManifest.xml:17:27-73
activity#com.niothiel.simplesms.ui.ComposeMessageActivity
ADDED from src/main/AndroidManifest.xml:20:3-22:14
	android:name
		ADDED from src/main/AndroidManifest.xml:20:13-54
uses-permission#android.permission.SEND_SMS
ADDED from src/main/AndroidManifest.xml:27:1-79
	android:name
		ADDED from src/main/AndroidManifest.xml:27:18-60
uses-permission#android.permission.READ_SMS
ADDED from src/main/AndroidManifest.xml:28:1-79
	android:name
		ADDED from src/main/AndroidManifest.xml:28:18-60
uses-permission#android.permission.READ_CONTACTS
ADDED from src/main/AndroidManifest.xml:29:1-84
	android:name
		ADDED from src/main/AndroidManifest.xml:29:18-65
uses-permission#android.permission.RECEIVE_SMS
ADDED from src/main/AndroidManifest.xml:30:1-82
	android:name
		ADDED from src/main/AndroidManifest.xml:30:18-63
uses-permission#android.permission.EDIT_SMS
ADDED from src/main/AndroidManifest.xml:31:1-79
	android:name
		ADDED from src/main/AndroidManifest.xml:31:18-60
uses-permission#android.permission.WRITE_SMS
ADDED from src/main/AndroidManifest.xml:32:1-80
	android:name
		ADDED from src/main/AndroidManifest.xml:32:18-61
uses-sdk
ADDED from src/main/AndroidManifest.xml:34:1-103
	android:maxSdkVersion
		ADDED from src/main/AndroidManifest.xml:34:40-65
	android:targetSdkVersion
		ADDED from src/main/AndroidManifest.xml:34:11-39
		INJECTED from src/main/AndroidManifest.xml
		INJECTED from src/main/AndroidManifest.xml
	android:minSdkVersion
		ADDED from src/main/AndroidManifest.xml:34:66-91
		INJECTED from src/main/AndroidManifest.xml
		INJECTED from src/main/AndroidManifest.xml